<?xml version="1.0" encoding="UTF-8"?>
<!-- Generated by org.testng.reporters.JUnitXMLReporter -->
<testsuite ignored="0" hostname="DESKTOP-LHJUU5I" failures="1" tests="1" name="ChromeTest" time="49.429" errors="0" timestamp="2023-02-13T20:32:17 IST">
  <testcase classname="HeenaKochharPom.VerifyHeaderTabs" name="@AfterMethod failedTest" time="0.044">
    <failure type="java.lang.NullPointerException" message="Cannot invoke &amp;quot;org.openqa.selenium.TakesScreenshot.getScreenshotAs(org.openqa.selenium.OutputType)&amp;quot; because &amp;quot;ss&amp;quot; is null">
      <![CDATA[java.lang.NullPointerException: Cannot invoke "org.openqa.selenium.TakesScreenshot.getScreenshotAs(org.openqa.selenium.OutputType)" because "ss" is null
at utils.UtilityClass.captureScreenShot(UtilityClass.java:51)
at HeenaKochharPom.VerifyHeaderTabs.failedTest(VerifyHeaderTabs.java:100)
at java.base/java.util.concurrent.ThreadPoolExecutor.runWorker(ThreadPoolExecutor.java:1136)
at java.base/java.util.concurrent.ThreadPoolExecutor$Worker.run(ThreadPoolExecutor.java:635)
at java.base/java.lang.Thread.run(Thread.java:833)
... Removed 17 stack frames]]>
    </failure>
  </testcase> <!-- @AfterMethod failedTest -->
  <testcase classname="HeenaKochharPom.VerifyHeaderTabs" name="@AfterClass logout" time="0.0">
    <skipped/>
  </testcase> <!-- @AfterClass logout -->
  <testcase classname="HeenaKochharPom.VerifyHeaderTabs" name="@AfterTest closeBrowser" time="0.0">
    <skipped/>
  </testcase> <!-- @AfterTest closeBrowser -->
  <testcase classname="HeenaKochharPom.VerifyHeaderTabs" name="verifyHeadertext" time="20.1">
    <failure type="java.lang.AssertionError" message="The following asserts failed:
	expected [Indian clothing store online | Indian dresses online - Ne] but found [You are temporarily locked out]">
      <![CDATA[java.lang.AssertionError: The following asserts failed:
expected [Indian clothing store online | Indian dresses online - Ne] but found [You are temporarily locked out]
at HeenaKochharPom.VerifyHeaderTabs.verifyHeadertext(VerifyHeaderTabs.java:92)
at java.base/java.util.concurrent.ThreadPoolExecutor.runWorker(ThreadPoolExecutor.java:1136)
at java.base/java.util.concurrent.ThreadPoolExecutor$Worker.run(ThreadPoolExecutor.java:635)
at java.base/java.lang.Thread.run(Thread.java:833)
... Removed 14 stack frames]]>
    </failure>
  </testcase> <!-- verifyHeadertext -->
</testsuite> <!-- ChromeTest -->
