<html>
<head>
<title>TestNG:  EdgeTest</title>
<link href="../testng.css" rel="stylesheet" type="text/css" />
<link href="../my-testng.css" rel="stylesheet" type="text/css" />

<style type="text/css">
.log { display: none;} 
.stack-trace { display: none;} 
</style>
<script type="text/javascript">
<!--
function flip(e) {
  current = e.style.display;
  if (current == 'block') {
    e.style.display = 'none';
    return 0;
  }
  else {
    e.style.display = 'block';
    return 1;
  }
}

function toggleBox(szDivId, elem, msg1, msg2)
{
  var res = -1;  if (document.getElementById) {
    res = flip(document.getElementById(szDivId));
  }
  else if (document.all) {
    // this is the way old msie versions work
    res = flip(document.all[szDivId]);
  }
  if(elem) {
    if(res == 0) elem.innerHTML = msg1; else elem.innerHTML = msg2;
  }

}

function toggleAllBoxes() {
  if (document.getElementsByTagName) {
    d = document.getElementsByTagName('div');
    for (i = 0; i < d.length; i++) {
      if (d[i].className == 'log') {
        flip(d[i]);
      }
    }
  }
}

// -->
</script>

</head>
<body>
<h2 align='center'>EdgeTest</h2><table border='1' align="center">
<tr>
<td>Tests passed/Failed/Skipped:</td><td>0/0/1</td>
</tr><tr>
<td>Started on:</td><td>Mon Feb 13 20:32:17 IST 2023</td>
</tr>
<tr><td>Total time:</td><td>4 seconds (4246 ms)</td>
</tr><tr>
<td>Included groups:</td><td></td>
</tr><tr>
<td>Excluded groups:</td><td></td>
</tr>
</table><p/>
<small><i>(Hover the method name to see the test class name)</i></small><p/>
<table width='100%' border='1' class='invocation-failed'>
<tr><td colspan='4' align='center'><b>FAILED CONFIGURATIONS</b></td></tr>
<tr><td><b>Test method</b></td>
<td width="30%"><b>Exception</b></td>
<td width="10%"><b>Time (seconds)</b></td>
<td><b>Instance</b></td>
</tr>
<tr>
<td title='HeenaKochharPom.VerifyHeaderTabs.launchBrowser()'><b>launchBrowser</b><br>Test class: HeenaKochharPom.VerifyHeaderTabs<br>Parameters: Edge</td>
<td><div><pre>org.openqa.selenium.SessionNotCreatedException: session not created: This version of Microsoft Edge WebDriver only supports Microsoft Edge version 108
Current browser version is 110.0.1587.41 with binary path C:\Program Files (x86)\Microsoft\Edge\Application\msedge.exe
Build info: version: &apos;3.141.59&apos;, revision: &apos;e82be7d358&apos;, time: &apos;2018-11-14T08:17:03&apos;
System info: host: &apos;DESKTOP-LHJUU5I&apos;, ip: &apos;192.168.1.6&apos;, os.name: &apos;Windows 10&apos;, os.arch: &apos;amd64&apos;, os.version: &apos;10.0&apos;, java.version: &apos;17.0.4.1&apos;
Driver info: driver.version: EdgeDriver
remote stacktrace: Backtrace:
	Microsoft::Applications::Events::EventProperties::SetProperty [0x00007FF7788691D2+14306]
	Microsoft::Applications::Events::EventProperty::EventProperty [0x00007FF7787F0992+842866]
	(No symbol) [0x00007FF7784A1D90]
	(No symbol) [0x00007FF7784D3BBA]
	(No symbol) [0x00007FF7784CE895]
	(No symbol) [0x00007FF7784C9DCF]
	(No symbol) [0x00007FF77850E027]
	(No symbol) [0x00007FF77850D3BA]
	(No symbol) [0x00007FF778505B03]
	(No symbol) [0x00007FF7784D73B8]
	(No symbol) [0x00007FF7784D638E]
	(No symbol) [0x00007FF7784D7AE4]
	Microsoft::Applications::Events::EventProperty::EventProperty [0x00007FF77873FE18+119032]
	Microsoft::Applications::Events::EventProperty::EventProperty [0x00007FF77872D4D6+42934]
	Microsoft::Applications::Events::EventProperty::EventProperty [0x00007FF7787306EC+55756]
	(No symbol) [0x00007FF7785A7923]
	Microsoft::Applications::Events::EventProperty::EventProperty [0x00007FF7787F844A+874282]
	Microsoft::Applications::Events::EventProperty::EventProperty [0x00007FF7787FD544+895012]
	Microsoft::Applications::Events::EventProperty::EventProperty [0x00007FF7787FD69C+895356]
	Microsoft::Applications::Events::EventProperty::EventProperty [0x00007FF7788067BE+932510]
	BaseThreadInitThunk [0x00007FF92BAC7614+20]
	RtlUserThreadStart [0x00007FF92C2026A1+33]

	at org.openqa.selenium.remote.W3CHandshakeResponse.lambda$errorHandler$0(W3CHandshakeResponse.java:62)
	at org.openqa.selenium.remote.HandshakeResponse.lambda$getResponseFunction$0(HandshakeResponse.java:30)
	at org.openqa.selenium.remote.ProtocolHandshake.lambda$createSession$0(ProtocolHandshake.java:126)
	at java.base/java.util.stream.ReferencePipeline$3$1.accept(ReferencePipeline.java:197)
	at java.base/java.util.Spliterators$ArraySpliterator.tryAdvance(Spliterators.java:1002)
	at java.base/java.util.stream.ReferencePipeline.forEachWithCancel(ReferencePipeline.java:129)
	at java.base/java.util.stream.AbstractPipeline.copyIntoWithCancel(AbstractPipeline.java:527)
	at java.base/java.util.stream.AbstractPipeline.copyInto(AbstractPipeline.java:513)
	at java.base/java.util.stream.AbstractPipeline.wrapAndCopyInto(AbstractPipeline.java:499)
	at java.base/java.util.stream.FindOps$FindOp.evaluateSequential(FindOps.java:150)
	at java.base/java.util.stream.AbstractPipeline.evaluate(AbstractPipeline.java:234)
	at java.base/java.util.stream.ReferencePipeline.findFirst(ReferencePipeline.java:647)
	at org.openqa.selenium.remote.ProtocolHandshake.createSession(ProtocolHandshake.java:128)
	at org.openqa.selenium.remote.ProtocolHandshake.createSession(ProtocolHandshake.java:74)
	at org.openqa.selenium.remote.HttpCommandExecutor.execute(HttpCommandExecutor.java:136)
	at org.openqa.selenium.remote.service.DriverCommandExecutor.execute(DriverCommandExecutor.java:83)
	at org.openqa.selenium.remote.RemoteWebDriver.execute(RemoteWebDriver.java:552)
	at org.openqa.selenium.remote.RemoteWebDriver.startSession(RemoteWebDriver.java:213)
	at org.openqa.selenium.remote.RemoteWebDriver.&lt;init&gt;(RemoteWebDriver.java:131)
	at org.openqa.selenium.edge.EdgeDriver.&lt;init&gt;(EdgeDriver.java:141)
	at org.openqa.selenium.edge.EdgeDriver.&lt;init&gt;(EdgeDriver.java:96)
	at Base.BrowserClass.openEdgeBrowser(BrowserClass.java:20)
	at HeenaKochharPom.VerifyHeaderTabs.launchBrowser(VerifyHeaderTabs.java:47)
... Removed 29 stack frames</pre></div><a href='#' onClick='toggleBox("stack-trace2097992252", this, "Click to show all stack frames", "Click to hide stack frames")'>Click to show all stack frames</a>
<div class='stack-trace' id='stack-trace2097992252'><pre>org.openqa.selenium.SessionNotCreatedException: session not created: This version of Microsoft Edge WebDriver only supports Microsoft Edge version 108
Current browser version is 110.0.1587.41 with binary path C:\Program Files (x86)\Microsoft\Edge\Application\msedge.exe
Build info: version: &apos;3.141.59&apos;, revision: &apos;e82be7d358&apos;, time: &apos;2018-11-14T08:17:03&apos;
System info: host: &apos;DESKTOP-LHJUU5I&apos;, ip: &apos;192.168.1.6&apos;, os.name: &apos;Windows 10&apos;, os.arch: &apos;amd64&apos;, os.version: &apos;10.0&apos;, java.version: &apos;17.0.4.1&apos;
Driver info: driver.version: EdgeDriver
remote stacktrace: Backtrace:
	Microsoft::Applications::Events::EventProperties::SetProperty [0x00007FF7788691D2+14306]
	Microsoft::Applications::Events::EventProperty::EventProperty [0x00007FF7787F0992+842866]
	(No symbol) [0x00007FF7784A1D90]
	(No symbol) [0x00007FF7784D3BBA]
	(No symbol) [0x00007FF7784CE895]
	(No symbol) [0x00007FF7784C9DCF]
	(No symbol) [0x00007FF77850E027]
	(No symbol) [0x00007FF77850D3BA]
	(No symbol) [0x00007FF778505B03]
	(No symbol) [0x00007FF7784D73B8]
	(No symbol) [0x00007FF7784D638E]
	(No symbol) [0x00007FF7784D7AE4]
	Microsoft::Applications::Events::EventProperty::EventProperty [0x00007FF77873FE18+119032]
	Microsoft::Applications::Events::EventProperty::EventProperty [0x00007FF77872D4D6+42934]
	Microsoft::Applications::Events::EventProperty::EventProperty [0x00007FF7787306EC+55756]
	(No symbol) [0x00007FF7785A7923]
	Microsoft::Applications::Events::EventProperty::EventProperty [0x00007FF7787F844A+874282]
	Microsoft::Applications::Events::EventProperty::EventProperty [0x00007FF7787FD544+895012]
	Microsoft::Applications::Events::EventProperty::EventProperty [0x00007FF7787FD69C+895356]
	Microsoft::Applications::Events::EventProperty::EventProperty [0x00007FF7788067BE+932510]
	BaseThreadInitThunk [0x00007FF92BAC7614+20]
	RtlUserThreadStart [0x00007FF92C2026A1+33]

	at java.base/jdk.internal.reflect.NativeConstructorAccessorImpl.newInstance0(Native Method)
	at java.base/jdk.internal.reflect.NativeConstructorAccessorImpl.newInstance(NativeConstructorAccessorImpl.java:77)
	at java.base/jdk.internal.reflect.DelegatingConstructorAccessorImpl.newInstance(DelegatingConstructorAccessorImpl.java:45)
	at java.base/java.lang.reflect.Constructor.newInstanceWithCaller(Constructor.java:499)
	at java.base/java.lang.reflect.Constructor.newInstance(Constructor.java:480)
	at org.openqa.selenium.remote.W3CHandshakeResponse.lambda$errorHandler$0(W3CHandshakeResponse.java:62)
	at org.openqa.selenium.remote.HandshakeResponse.lambda$getResponseFunction$0(HandshakeResponse.java:30)
	at org.openqa.selenium.remote.ProtocolHandshake.lambda$createSession$0(ProtocolHandshake.java:126)
	at java.base/java.util.stream.ReferencePipeline$3$1.accept(ReferencePipeline.java:197)
	at java.base/java.util.Spliterators$ArraySpliterator.tryAdvance(Spliterators.java:1002)
	at java.base/java.util.stream.ReferencePipeline.forEachWithCancel(ReferencePipeline.java:129)
	at java.base/java.util.stream.AbstractPipeline.copyIntoWithCancel(AbstractPipeline.java:527)
	at java.base/java.util.stream.AbstractPipeline.copyInto(AbstractPipeline.java:513)
	at java.base/java.util.stream.AbstractPipeline.wrapAndCopyInto(AbstractPipeline.java:499)
	at java.base/java.util.stream.FindOps$FindOp.evaluateSequential(FindOps.java:150)
	at java.base/java.util.stream.AbstractPipeline.evaluate(AbstractPipeline.java:234)
	at java.base/java.util.stream.ReferencePipeline.findFirst(ReferencePipeline.java:647)
	at org.openqa.selenium.remote.ProtocolHandshake.createSession(ProtocolHandshake.java:128)
	at org.openqa.selenium.remote.ProtocolHandshake.createSession(ProtocolHandshake.java:74)
	at org.openqa.selenium.remote.HttpCommandExecutor.execute(HttpCommandExecutor.java:136)
	at org.openqa.selenium.remote.service.DriverCommandExecutor.execute(DriverCommandExecutor.java:83)
	at org.openqa.selenium.remote.RemoteWebDriver.execute(RemoteWebDriver.java:552)
	at org.openqa.selenium.remote.RemoteWebDriver.startSession(RemoteWebDriver.java:213)
	at org.openqa.selenium.remote.RemoteWebDriver.&lt;init&gt;(RemoteWebDriver.java:131)
	at org.openqa.selenium.edge.EdgeDriver.&lt;init&gt;(EdgeDriver.java:141)
	at org.openqa.selenium.edge.EdgeDriver.&lt;init&gt;(EdgeDriver.java:96)
	at Base.BrowserClass.openEdgeBrowser(BrowserClass.java:20)
	at HeenaKochharPom.VerifyHeaderTabs.launchBrowser(VerifyHeaderTabs.java:47)
	at java.base/jdk.internal.reflect.NativeMethodAccessorImpl.invoke0(Native Method)
	at java.base/jdk.internal.reflect.NativeMethodAccessorImpl.invoke(NativeMethodAccessorImpl.java:77)
	at java.base/jdk.internal.reflect.DelegatingMethodAccessorImpl.invoke(DelegatingMethodAccessorImpl.java:43)
	at java.base/java.lang.reflect.Method.invoke(Method.java:568)
	at org.testng.internal.invokers.MethodInvocationHelper.invokeMethod(MethodInvocationHelper.java:135)
	at org.testng.internal.invokers.MethodInvocationHelper.invokeMethodConsideringTimeout(MethodInvocationHelper.java:65)
	at org.testng.internal.invokers.ConfigInvoker.invokeConfigurationMethod(ConfigInvoker.java:381)
	at org.testng.internal.invokers.ConfigInvoker.invokeConfigurations(ConfigInvoker.java:319)
	at org.testng.TestRunner.invokeTestConfigurations(TestRunner.java:645)
	at org.testng.TestRunner.beforeRun(TestRunner.java:634)
	at org.testng.TestRunner.run(TestRunner.java:596)
	at org.testng.SuiteRunner.runTest(SuiteRunner.java:429)
	at org.testng.SuiteRunner.runSequentially(SuiteRunner.java:423)
	at org.testng.SuiteRunner.privateRun(SuiteRunner.java:383)
	at org.testng.SuiteRunner.run(SuiteRunner.java:326)
	at org.testng.SuiteRunnerWorker.runSuite(SuiteRunnerWorker.java:52)
	at org.testng.SuiteRunnerWorker.run(SuiteRunnerWorker.java:95)
	at org.testng.TestNG.runSuitesSequentially(TestNG.java:1249)
	at org.testng.TestNG.runSuitesLocally(TestNG.java:1169)
	at org.testng.TestNG.runSuites(TestNG.java:1092)
	at org.testng.TestNG.run(TestNG.java:1060)
	at org.testng.remote.AbstractRemoteTestNG.run(AbstractRemoteTestNG.java:115)
	at org.testng.remote.RemoteTestNG.initAndRun(RemoteTestNG.java:251)
	at org.testng.remote.RemoteTestNG.main(RemoteTestNG.java:77)
</pre></div></td>
<td>4</td>
<td>HeenaKochharPom.VerifyHeaderTabs@261d8190</td></tr>
</table><p>
<table width='100%' border='1' class='invocation-skipped'>
<tr><td colspan='4' align='center'><b>SKIPPED CONFIGURATIONS</b></td></tr>
<tr><td><b>Test method</b></td>
<td width="30%"><b>Exception</b></td>
<td width="10%"><b>Time (seconds)</b></td>
<td><b>Instance</b></td>
</tr>
<tr>
<td title='HeenaKochharPom.VerifyHeaderTabs.closeBrowser()'><b>closeBrowser</b><br>Test class: HeenaKochharPom.VerifyHeaderTabs</td>
<td></td>
<td>0</td>
<td>HeenaKochharPom.VerifyHeaderTabs@261d8190</td></tr>
<tr>
<td title='HeenaKochharPom.VerifyHeaderTabs.failedTest()'><b>failedTest</b><br>Test class: HeenaKochharPom.VerifyHeaderTabs</td>
<td></td>
<td>0</td>
<td>HeenaKochharPom.VerifyHeaderTabs@261d8190</td></tr>
<tr>
<td title='HeenaKochharPom.VerifyHeaderTabs.createPomObject()'><b>createPomObject</b><br>Test class: HeenaKochharPom.VerifyHeaderTabs</td>
<td></td>
<td>0</td>
<td>HeenaKochharPom.VerifyHeaderTabs@261d8190</td></tr>
<tr>
<td title='HeenaKochharPom.VerifyHeaderTabs.logout()'><b>logout</b><br>Test class: HeenaKochharPom.VerifyHeaderTabs</td>
<td></td>
<td>0</td>
<td>HeenaKochharPom.VerifyHeaderTabs@261d8190</td></tr>
<tr>
<td title='HeenaKochharPom.VerifyHeaderTabs.login()'><b>login</b><br>Test class: HeenaKochharPom.VerifyHeaderTabs</td>
<td></td>
<td>0</td>
<td>HeenaKochharPom.VerifyHeaderTabs@261d8190</td></tr>
</table><p>
<table width='100%' border='1' class='invocation-skipped'>
<tr><td colspan='4' align='center'><b>SKIPPED TESTS</b></td></tr>
<tr><td><b>Test method</b></td>
<td width="30%"><b>Exception</b></td>
<td width="10%"><b>Time (seconds)</b></td>
<td><b>Instance</b></td>
</tr>
<tr>
<td title='HeenaKochharPom.VerifyHeaderTabs.verifyHeadertext()'><b>verifyHeadertext</b><br>Test class: HeenaKochharPom.VerifyHeaderTabs</td>
<td><div><pre>org.openqa.selenium.SessionNotCreatedException: session not created: This version of Microsoft Edge WebDriver only supports Microsoft Edge version 108
Current browser version is 110.0.1587.41 with binary path C:\Program Files (x86)\Microsoft\Edge\Application\msedge.exe
Build info: version: &apos;3.141.59&apos;, revision: &apos;e82be7d358&apos;, time: &apos;2018-11-14T08:17:03&apos;
System info: host: &apos;DESKTOP-LHJUU5I&apos;, ip: &apos;192.168.1.6&apos;, os.name: &apos;Windows 10&apos;, os.arch: &apos;amd64&apos;, os.version: &apos;10.0&apos;, java.version: &apos;17.0.4.1&apos;
Driver info: driver.version: EdgeDriver
remote stacktrace: Backtrace:
	Microsoft::Applications::Events::EventProperties::SetProperty [0x00007FF7788691D2+14306]
	Microsoft::Applications::Events::EventProperty::EventProperty [0x00007FF7787F0992+842866]
	(No symbol) [0x00007FF7784A1D90]
	(No symbol) [0x00007FF7784D3BBA]
	(No symbol) [0x00007FF7784CE895]
	(No symbol) [0x00007FF7784C9DCF]
	(No symbol) [0x00007FF77850E027]
	(No symbol) [0x00007FF77850D3BA]
	(No symbol) [0x00007FF778505B03]
	(No symbol) [0x00007FF7784D73B8]
	(No symbol) [0x00007FF7784D638E]
	(No symbol) [0x00007FF7784D7AE4]
	Microsoft::Applications::Events::EventProperty::EventProperty [0x00007FF77873FE18+119032]
	Microsoft::Applications::Events::EventProperty::EventProperty [0x00007FF77872D4D6+42934]
	Microsoft::Applications::Events::EventProperty::EventProperty [0x00007FF7787306EC+55756]
	(No symbol) [0x00007FF7785A7923]
	Microsoft::Applications::Events::EventProperty::EventProperty [0x00007FF7787F844A+874282]
	Microsoft::Applications::Events::EventProperty::EventProperty [0x00007FF7787FD544+895012]
	Microsoft::Applications::Events::EventProperty::EventProperty [0x00007FF7787FD69C+895356]
	Microsoft::Applications::Events::EventProperty::EventProperty [0x00007FF7788067BE+932510]
	BaseThreadInitThunk [0x00007FF92BAC7614+20]
	RtlUserThreadStart [0x00007FF92C2026A1+33]

	at org.openqa.selenium.remote.W3CHandshakeResponse.lambda$errorHandler$0(W3CHandshakeResponse.java:62)
	at org.openqa.selenium.remote.HandshakeResponse.lambda$getResponseFunction$0(HandshakeResponse.java:30)
	at org.openqa.selenium.remote.ProtocolHandshake.lambda$createSession$0(ProtocolHandshake.java:126)
	at java.base/java.util.stream.ReferencePipeline$3$1.accept(ReferencePipeline.java:197)
	at java.base/java.util.Spliterators$ArraySpliterator.tryAdvance(Spliterators.java:1002)
	at java.base/java.util.stream.ReferencePipeline.forEachWithCancel(ReferencePipeline.java:129)
	at java.base/java.util.stream.AbstractPipeline.copyIntoWithCancel(AbstractPipeline.java:527)
	at java.base/java.util.stream.AbstractPipeline.copyInto(AbstractPipeline.java:513)
	at java.base/java.util.stream.AbstractPipeline.wrapAndCopyInto(AbstractPipeline.java:499)
	at java.base/java.util.stream.FindOps$FindOp.evaluateSequential(FindOps.java:150)
	at java.base/java.util.stream.AbstractPipeline.evaluate(AbstractPipeline.java:234)
	at java.base/java.util.stream.ReferencePipeline.findFirst(ReferencePipeline.java:647)
	at org.openqa.selenium.remote.ProtocolHandshake.createSession(ProtocolHandshake.java:128)
	at org.openqa.selenium.remote.ProtocolHandshake.createSession(ProtocolHandshake.java:74)
	at org.openqa.selenium.remote.HttpCommandExecutor.execute(HttpCommandExecutor.java:136)
	at org.openqa.selenium.remote.service.DriverCommandExecutor.execute(DriverCommandExecutor.java:83)
	at org.openqa.selenium.remote.RemoteWebDriver.execute(RemoteWebDriver.java:552)
	at org.openqa.selenium.remote.RemoteWebDriver.startSession(RemoteWebDriver.java:213)
	at org.openqa.selenium.remote.RemoteWebDriver.&lt;init&gt;(RemoteWebDriver.java:131)
	at org.openqa.selenium.edge.EdgeDriver.&lt;init&gt;(EdgeDriver.java:141)
	at org.openqa.selenium.edge.EdgeDriver.&lt;init&gt;(EdgeDriver.java:96)
	at Base.BrowserClass.openEdgeBrowser(BrowserClass.java:20)
	at HeenaKochharPom.VerifyHeaderTabs.launchBrowser(VerifyHeaderTabs.java:47)
... Removed 29 stack frames</pre></div><a href='#' onClick='toggleBox("stack-trace1587905659", this, "Click to show all stack frames", "Click to hide stack frames")'>Click to show all stack frames</a>
<div class='stack-trace' id='stack-trace1587905659'><pre>org.openqa.selenium.SessionNotCreatedException: session not created: This version of Microsoft Edge WebDriver only supports Microsoft Edge version 108
Current browser version is 110.0.1587.41 with binary path C:\Program Files (x86)\Microsoft\Edge\Application\msedge.exe
Build info: version: &apos;3.141.59&apos;, revision: &apos;e82be7d358&apos;, time: &apos;2018-11-14T08:17:03&apos;
System info: host: &apos;DESKTOP-LHJUU5I&apos;, ip: &apos;192.168.1.6&apos;, os.name: &apos;Windows 10&apos;, os.arch: &apos;amd64&apos;, os.version: &apos;10.0&apos;, java.version: &apos;17.0.4.1&apos;
Driver info: driver.version: EdgeDriver
remote stacktrace: Backtrace:
	Microsoft::Applications::Events::EventProperties::SetProperty [0x00007FF7788691D2+14306]
	Microsoft::Applications::Events::EventProperty::EventProperty [0x00007FF7787F0992+842866]
	(No symbol) [0x00007FF7784A1D90]
	(No symbol) [0x00007FF7784D3BBA]
	(No symbol) [0x00007FF7784CE895]
	(No symbol) [0x00007FF7784C9DCF]
	(No symbol) [0x00007FF77850E027]
	(No symbol) [0x00007FF77850D3BA]
	(No symbol) [0x00007FF778505B03]
	(No symbol) [0x00007FF7784D73B8]
	(No symbol) [0x00007FF7784D638E]
	(No symbol) [0x00007FF7784D7AE4]
	Microsoft::Applications::Events::EventProperty::EventProperty [0x00007FF77873FE18+119032]
	Microsoft::Applications::Events::EventProperty::EventProperty [0x00007FF77872D4D6+42934]
	Microsoft::Applications::Events::EventProperty::EventProperty [0x00007FF7787306EC+55756]
	(No symbol) [0x00007FF7785A7923]
	Microsoft::Applications::Events::EventProperty::EventProperty [0x00007FF7787F844A+874282]
	Microsoft::Applications::Events::EventProperty::EventProperty [0x00007FF7787FD544+895012]
	Microsoft::Applications::Events::EventProperty::EventProperty [0x00007FF7787FD69C+895356]
	Microsoft::Applications::Events::EventProperty::EventProperty [0x00007FF7788067BE+932510]
	BaseThreadInitThunk [0x00007FF92BAC7614+20]
	RtlUserThreadStart [0x00007FF92C2026A1+33]

	at java.base/jdk.internal.reflect.NativeConstructorAccessorImpl.newInstance0(Native Method)
	at java.base/jdk.internal.reflect.NativeConstructorAccessorImpl.newInstance(NativeConstructorAccessorImpl.java:77)
	at java.base/jdk.internal.reflect.DelegatingConstructorAccessorImpl.newInstance(DelegatingConstructorAccessorImpl.java:45)
	at java.base/java.lang.reflect.Constructor.newInstanceWithCaller(Constructor.java:499)
	at java.base/java.lang.reflect.Constructor.newInstance(Constructor.java:480)
	at org.openqa.selenium.remote.W3CHandshakeResponse.lambda$errorHandler$0(W3CHandshakeResponse.java:62)
	at org.openqa.selenium.remote.HandshakeResponse.lambda$getResponseFunction$0(HandshakeResponse.java:30)
	at org.openqa.selenium.remote.ProtocolHandshake.lambda$createSession$0(ProtocolHandshake.java:126)
	at java.base/java.util.stream.ReferencePipeline$3$1.accept(ReferencePipeline.java:197)
	at java.base/java.util.Spliterators$ArraySpliterator.tryAdvance(Spliterators.java:1002)
	at java.base/java.util.stream.ReferencePipeline.forEachWithCancel(ReferencePipeline.java:129)
	at java.base/java.util.stream.AbstractPipeline.copyIntoWithCancel(AbstractPipeline.java:527)
	at java.base/java.util.stream.AbstractPipeline.copyInto(AbstractPipeline.java:513)
	at java.base/java.util.stream.AbstractPipeline.wrapAndCopyInto(AbstractPipeline.java:499)
	at java.base/java.util.stream.FindOps$FindOp.evaluateSequential(FindOps.java:150)
	at java.base/java.util.stream.AbstractPipeline.evaluate(AbstractPipeline.java:234)
	at java.base/java.util.stream.ReferencePipeline.findFirst(ReferencePipeline.java:647)
	at org.openqa.selenium.remote.ProtocolHandshake.createSession(ProtocolHandshake.java:128)
	at org.openqa.selenium.remote.ProtocolHandshake.createSession(ProtocolHandshake.java:74)
	at org.openqa.selenium.remote.HttpCommandExecutor.execute(HttpCommandExecutor.java:136)
	at org.openqa.selenium.remote.service.DriverCommandExecutor.execute(DriverCommandExecutor.java:83)
	at org.openqa.selenium.remote.RemoteWebDriver.execute(RemoteWebDriver.java:552)
	at org.openqa.selenium.remote.RemoteWebDriver.startSession(RemoteWebDriver.java:213)
	at org.openqa.selenium.remote.RemoteWebDriver.&lt;init&gt;(RemoteWebDriver.java:131)
	at org.openqa.selenium.edge.EdgeDriver.&lt;init&gt;(EdgeDriver.java:141)
	at org.openqa.selenium.edge.EdgeDriver.&lt;init&gt;(EdgeDriver.java:96)
	at Base.BrowserClass.openEdgeBrowser(BrowserClass.java:20)
	at HeenaKochharPom.VerifyHeaderTabs.launchBrowser(VerifyHeaderTabs.java:47)
	at java.base/jdk.internal.reflect.NativeMethodAccessorImpl.invoke0(Native Method)
	at java.base/jdk.internal.reflect.NativeMethodAccessorImpl.invoke(NativeMethodAccessorImpl.java:77)
	at java.base/jdk.internal.reflect.DelegatingMethodAccessorImpl.invoke(DelegatingMethodAccessorImpl.java:43)
	at java.base/java.lang.reflect.Method.invoke(Method.java:568)
	at org.testng.internal.invokers.MethodInvocationHelper.invokeMethod(MethodInvocationHelper.java:135)
	at org.testng.internal.invokers.MethodInvocationHelper.invokeMethodConsideringTimeout(MethodInvocationHelper.java:65)
	at org.testng.internal.invokers.ConfigInvoker.invokeConfigurationMethod(ConfigInvoker.java:381)
	at org.testng.internal.invokers.ConfigInvoker.invokeConfigurations(ConfigInvoker.java:319)
	at org.testng.TestRunner.invokeTestConfigurations(TestRunner.java:645)
	at org.testng.TestRunner.beforeRun(TestRunner.java:634)
	at org.testng.TestRunner.run(TestRunner.java:596)
	at org.testng.SuiteRunner.runTest(SuiteRunner.java:429)
	at org.testng.SuiteRunner.runSequentially(SuiteRunner.java:423)
	at org.testng.SuiteRunner.privateRun(SuiteRunner.java:383)
	at org.testng.SuiteRunner.run(SuiteRunner.java:326)
	at org.testng.SuiteRunnerWorker.runSuite(SuiteRunnerWorker.java:52)
	at org.testng.SuiteRunnerWorker.run(SuiteRunnerWorker.java:95)
	at org.testng.TestNG.runSuitesSequentially(TestNG.java:1249)
	at org.testng.TestNG.runSuitesLocally(TestNG.java:1169)
	at org.testng.TestNG.runSuites(TestNG.java:1092)
	at org.testng.TestNG.run(TestNG.java:1060)
	at org.testng.remote.AbstractRemoteTestNG.run(AbstractRemoteTestNG.java:115)
	at org.testng.remote.RemoteTestNG.initAndRun(RemoteTestNG.java:251)
	at org.testng.remote.RemoteTestNG.main(RemoteTestNG.java:77)
</pre></div></td>
<td>0</td>
<td>HeenaKochharPom.VerifyHeaderTabs@261d8190</td></tr>
</table><p>
</body>
</html>